<?xml version="1.0" encoding="UTF-8"?>
<testng-results ignored="0" total="1" passed="1" failed="0" skipped="0">
  <reporter-output>
  </reporter-output>
  <suite started-at="2023-11-02T06:51:41 IST" name="Default suite" finished-at="2023-11-02T06:51:51 IST" duration-ms="9459">
    <groups>
    </groups>
    <test started-at="2023-11-02T06:51:41 IST" name="Default test" finished-at="2023-11-02T06:51:51 IST" duration-ms="9459">
      <class name="com.Xpath.FacebookLoginTest">
        <test-method is-config="true" signature="setUp()[pri:0, instance:com.Xpath.FacebookLoginTest@932bc4a]" started-at="2023-11-02T06:51:41 IST" name="setUp" finished-at="2023-11-02T06:51:47 IST" duration-ms="5704" status="PASS">
          <reporter-output>
          </reporter-output>
        </test-method> <!-- setUp -->
        <test-method signature="facebookLoginTest()[pri:0, instance:com.Xpath.FacebookLoginTest@932bc4a]" started-at="2023-11-02T06:51:47 IST" name="facebookLoginTest" finished-at="2023-11-02T06:51:51 IST" duration-ms="3654" status="PASS">
          <reporter-output>
          </reporter-output>
        </test-method> <!-- facebookLoginTest -->
      </class> <!-- com.Xpath.FacebookLoginTest -->
    </test> <!-- Default test -->
  </suite> <!-- Default suite -->
</testng-results>
